<?xml version="1.0" encoding="UTF-8"?>
<testsuite name="com.example.demo.JsonApiApplicationTests" tests="1" skipped="0" failures="0" errors="0" timestamp="2021-05-22T08:56:22" hostname="choehyegeuns-MacBook-Pro.local" time="0.177">
  <properties/>
  <testcase name="contextLoads()" classname="com.example.demo.JsonApiApplicationTests" time="0.177"/>
  <system-out><![CDATA[17:56:10.080 [Test worker] DEBUG org.springframework.test.context.BootstrapUtils - Instantiating CacheAwareContextLoaderDelegate from class [org.springframework.test.context.cache.DefaultCacheAwareContextLoaderDelegate]
17:56:10.098 [Test worker] DEBUG org.springframework.test.context.BootstrapUtils - Instantiating BootstrapContext using constructor [public org.springframework.test.context.support.DefaultBootstrapContext(java.lang.Class,org.springframework.test.context.CacheAwareContextLoaderDelegate)]
17:56:10.136 [Test worker] DEBUG org.springframework.test.context.BootstrapUtils - Instantiating TestContextBootstrapper for test class [com.example.demo.JsonApiApplicationTests] from class [org.springframework.boot.test.context.SpringBootTestContextBootstrapper]
17:56:10.150 [Test worker] INFO org.springframework.boot.test.context.SpringBootTestContextBootstrapper - Neither @ContextConfiguration nor @ContextHierarchy found for test class [com.example.demo.JsonApiApplicationTests], using SpringBootContextLoader
17:56:10.155 [Test worker] DEBUG org.springframework.test.context.support.AbstractContextLoader - Did not detect default resource location for test class [com.example.demo.JsonApiApplicationTests]: class path resource [com/example/demo/JsonApiApplicationTests-context.xml] does not exist
17:56:10.156 [Test worker] DEBUG org.springframework.test.context.support.AbstractContextLoader - Did not detect default resource location for test class [com.example.demo.JsonApiApplicationTests]: class path resource [com/example/demo/JsonApiApplicationTestsContext.groovy] does not exist
17:56:10.157 [Test worker] INFO org.springframework.test.context.support.AbstractContextLoader - Could not detect default resource locations for test class [com.example.demo.JsonApiApplicationTests]: no resource found for suffixes {-context.xml, Context.groovy}.
17:56:10.158 [Test worker] INFO org.springframework.test.context.support.AnnotationConfigContextLoaderUtils - Could not detect default configuration classes for test class [com.example.demo.JsonApiApplicationTests]: JsonApiApplicationTests does not declare any static, non-private, non-final, nested classes annotated with @Configuration.
17:56:10.215 [Test worker] DEBUG org.springframework.test.context.support.ActiveProfilesUtils - Could not find an 'annotation declaring class' for annotation type [org.springframework.test.context.ActiveProfiles] and class [com.example.demo.JsonApiApplicationTests]
17:56:10.279 [Test worker] DEBUG org.springframework.context.annotation.ClassPathScanningCandidateComponentProvider - Identified candidate component class: file [/Users/choehyegeun/Downloads/crawling/JsonAPI/build/classes/java/main/com/example/demo/JsonApiApplication.class]
17:56:10.289 [Test worker] INFO org.springframework.boot.test.context.SpringBootTestContextBootstrapper - Found @SpringBootConfiguration com.example.demo.JsonApiApplication for test class com.example.demo.JsonApiApplicationTests
17:56:10.394 [Test worker] DEBUG org.springframework.boot.test.context.SpringBootTestContextBootstrapper - @TestExecutionListeners is not present for class [com.example.demo.JsonApiApplicationTests]: using defaults.
17:56:10.394 [Test worker] INFO org.springframework.boot.test.context.SpringBootTestContextBootstrapper - Loaded default TestExecutionListener class names from location [META-INF/spring.factories]: [org.springframework.boot.test.autoconfigure.restdocs.RestDocsTestExecutionListener, org.springframework.boot.test.autoconfigure.web.client.MockRestServiceServerResetTestExecutionListener, org.springframework.boot.test.autoconfigure.web.servlet.MockMvcPrintOnlyOnFailureTestExecutionListener, org.springframework.boot.test.autoconfigure.web.servlet.WebDriverTestExecutionListener, org.springframework.boot.test.autoconfigure.webservices.client.MockWebServiceServerTestExecutionListener, org.springframework.boot.test.mock.mockito.MockitoTestExecutionListener, org.springframework.boot.test.mock.mockito.ResetMocksTestExecutionListener, org.springframework.test.context.web.ServletTestExecutionListener, org.springframework.test.context.support.DirtiesContextBeforeModesTestExecutionListener, org.springframework.test.context.event.ApplicationEventsTestExecutionListener, org.springframework.test.context.support.DependencyInjectionTestExecutionListener, org.springframework.test.context.support.DirtiesContextTestExecutionListener, org.springframework.test.context.transaction.TransactionalTestExecutionListener, org.springframework.test.context.jdbc.SqlScriptsTestExecutionListener, org.springframework.test.context.event.EventPublishingTestExecutionListener]
17:56:10.422 [Test worker] INFO org.springframework.boot.test.context.SpringBootTestContextBootstrapper - Using TestExecutionListeners: [org.springframework.test.context.web.ServletTestExecutionListener@2502bf47, org.springframework.test.context.support.DirtiesContextBeforeModesTestExecutionListener@33f23685, org.springframework.test.context.event.ApplicationEventsTestExecutionListener@18aaaef2, org.springframework.boot.test.mock.mockito.MockitoTestExecutionListener@6c8e1304, org.springframework.boot.test.autoconfigure.SpringBootDependencyInjectionTestExecutionListener@5cc66155, org.springframework.test.context.support.DirtiesContextTestExecutionListener@7ea22256, org.springframework.test.context.transaction.TransactionalTestExecutionListener@33b2de4e, org.springframework.test.context.jdbc.SqlScriptsTestExecutionListener@2fb8fd0f, org.springframework.test.context.event.EventPublishingTestExecutionListener@409bfd64, org.springframework.boot.test.autoconfigure.restdocs.RestDocsTestExecutionListener@2fc4c7b3, org.springframework.boot.test.autoconfigure.web.client.MockRestServiceServerResetTestExecutionListener@a212cab, org.springframework.boot.test.autoconfigure.web.servlet.MockMvcPrintOnlyOnFailureTestExecutionListener@6299e865, org.springframework.boot.test.autoconfigure.web.servlet.WebDriverTestExecutionListener@7df6498f, org.springframework.boot.test.autoconfigure.webservices.client.MockWebServiceServerTestExecutionListener@7406e0dd, org.springframework.boot.test.mock.mockito.ResetMocksTestExecutionListener@77c1de82]
17:56:10.427 [Test worker] DEBUG org.springframework.test.context.support.AbstractDirtiesContextTestExecutionListener - Before test class: context [DefaultTestContext@2533b4f9 testClass = JsonApiApplicationTests, testInstance = [null], testMethod = [null], testException = [null], mergedContextConfiguration = [WebMergedContextConfiguration@f14f8a0 testClass = JsonApiApplicationTests, locations = '{}', classes = '{class com.example.demo.JsonApiApplication}', contextInitializerClasses = '[]', activeProfiles = '{}', propertySourceLocations = '{}', propertySourceProperties = '{org.springframework.boot.test.context.SpringBootTestContextBootstrapper=true}', contextCustomizers = set[org.springframework.boot.test.autoconfigure.actuate.metrics.MetricsExportContextCustomizerFactory$DisableMetricExportContextCustomizer@39568b32, org.springframework.boot.test.autoconfigure.properties.PropertyMappingContextCustomizer@0, org.springframework.boot.test.autoconfigure.web.servlet.WebDriverContextCustomizerFactory$Customizer@5b55f4b2, org.springframework.boot.test.context.filter.ExcludeFilterContextCustomizer@6f651f2d, org.springframework.boot.test.json.DuplicateJsonObjectContextCustomizerFactory$DuplicateJsonObjectContextCustomizer@75e9c783, org.springframework.boot.test.mock.mockito.MockitoContextCustomizer@0, org.springframework.boot.test.web.client.TestRestTemplateContextCustomizer@434fbaa6, org.springframework.boot.test.context.SpringBootTestArgs@1, org.springframework.boot.test.context.SpringBootTestWebEnvironment@d0dd8ec], resourceBasePath = 'src/main/webapp', contextLoader = 'org.springframework.boot.test.context.SpringBootContextLoader', parent = [null]], attributes = map['org.springframework.test.context.web.ServletTestExecutionListener.activateListener' -> true]], class annotated with @DirtiesContext [false] with mode [null].
17:56:10.481 [Test worker] DEBUG org.springframework.test.context.support.TestPropertySourceUtils - Adding inlined properties to environment: {spring.jmx.enabled=false, org.springframework.boot.test.context.SpringBootTestContextBootstrapper=true}

  .   ____          _            __ _ _
 /\\ / ___'_ __ _ _(_)_ __  __ _ \ \ \ \
( ( )\___ | '_ | '_| | '_ \/ _` | \ \ \ \
 \\/  ___)| |_)| | | | | || (_| |  ) ) ) )
  '  |____| .__|_| |_|_| |_\__, | / / / /
 =========|_|==============|___/=/_/_/_/
 :: Spring Boot ::                (v2.4.5)

2021-05-22 17:56:10.808  INFO 88522 --- [    Test worker] c.example.demo.JsonApiApplicationTests   : Starting JsonApiApplicationTests using Java 14.0.2 on choehyegeuns-MacBook-Pro.local with PID 88522 (started by choehyegeun in /Users/choehyegeun/Downloads/crawling/JsonAPI)
2021-05-22 17:56:10.811  INFO 88522 --- [    Test worker] c.example.demo.JsonApiApplicationTests   : No active profile set, falling back to default profiles: default
2021-05-22 17:56:11.394  INFO 88522 --- [    Test worker] .s.d.r.c.RepositoryConfigurationDelegate : Bootstrapping Spring Data JPA repositories in DEFAULT mode.
2021-05-22 17:56:11.451  INFO 88522 --- [    Test worker] .s.d.r.c.RepositoryConfigurationDelegate : Finished Spring Data repository scanning in 49 ms. Found 2 JPA repository interfaces.
2021-05-22 17:56:11.588  WARN 88522 --- [    Test worker] o.m.s.mapper.ClassPathMapperScanner      : No MyBatis mapper was found in '[com.example.demo]' package. Please check your configuration.
2021-05-22 17:56:12.190  INFO 88522 --- [    Test worker] o.hibernate.jpa.internal.util.LogHelper  : HHH000204: Processing PersistenceUnitInfo [name: default]
2021-05-22 17:56:12.255  INFO 88522 --- [    Test worker] org.hibernate.Version                    : HHH000412: Hibernate ORM core version 5.4.30.Final
2021-05-22 17:56:12.444  INFO 88522 --- [    Test worker] o.hibernate.annotations.common.Version   : HCANN000001: Hibernate Commons Annotations {5.1.2.Final}
2021-05-22 17:56:15.906  INFO 88522 --- [    Test worker] org.hibernate.dialect.Dialect            : HHH000400: Using dialect: org.hibernate.dialect.H2Dialect
2021-05-22 17:56:18.888  INFO 88522 --- [    Test worker] o.h.e.t.j.p.i.JtaPlatformInitiator       : HHH000490: Using JtaPlatform implementation: [org.hibernate.engine.transaction.jta.platform.internal.NoJtaPlatform]
2021-05-22 17:56:18.901  INFO 88522 --- [    Test worker] j.LocalContainerEntityManagerFactoryBean : Initialized JPA EntityManagerFactory for persistence unit 'default'
make JsonController
2021-05-22 17:56:19.488  WARN 88522 --- [    Test worker] JpaBaseConfiguration$JpaWebConfiguration : spring.jpa.open-in-view is enabled by default. Therefore, database queries may be performed during view rendering. Explicitly configure spring.jpa.open-in-view to disable this warning
2021-05-22 17:56:19.681  INFO 88522 --- [    Test worker] o.s.s.concurrent.ThreadPoolTaskExecutor  : Initializing ExecutorService 'applicationTaskExecutor'
2021-05-22 17:56:21.778  INFO 88522 --- [    Test worker] o.s.b.a.h2.H2ConsoleAutoConfiguration    : H2 console available at '/h2-console'. Database available at 'jdbc:h2:~/test'
2021-05-22 17:56:22.280  INFO 88522 --- [    Test worker] c.example.demo.JsonApiApplicationTests   : Started JsonApiApplicationTests in 11.792 seconds (JVM running for 12.982)
]]></system-out>
  <system-err><![CDATA[]]></system-err>
</testsuite>
