<?xml version="1.0" encoding="UTF-8"?>
<testsuite name="com.example.demo.JsonApiApplicationTests" tests="1" skipped="0" failures="0" errors="0" timestamp="2021-06-01T01:33:37" hostname="DESKTOP-CT2B6I5" time="0.101">
  <properties/>
  <testcase name="contextLoads()" classname="com.example.demo.JsonApiApplicationTests" time="0.101"/>
  <system-out><![CDATA[10:33:32.546 [Test worker] DEBUG org.springframework.test.context.BootstrapUtils - Instantiating CacheAwareContextLoaderDelegate from class [org.springframework.test.context.cache.DefaultCacheAwareContextLoaderDelegate]
10:33:32.563 [Test worker] DEBUG org.springframework.test.context.BootstrapUtils - Instantiating BootstrapContext using constructor [public org.springframework.test.context.support.DefaultBootstrapContext(java.lang.Class,org.springframework.test.context.CacheAwareContextLoaderDelegate)]
10:33:32.604 [Test worker] DEBUG org.springframework.test.context.BootstrapUtils - Instantiating TestContextBootstrapper for test class [com.example.demo.JsonApiApplicationTests] from class [org.springframework.boot.test.context.SpringBootTestContextBootstrapper]
10:33:32.619 [Test worker] INFO org.springframework.boot.test.context.SpringBootTestContextBootstrapper - Neither @ContextConfiguration nor @ContextHierarchy found for test class [com.example.demo.JsonApiApplicationTests], using SpringBootContextLoader
10:33:32.624 [Test worker] DEBUG org.springframework.test.context.support.AbstractContextLoader - Did not detect default resource location for test class [com.example.demo.JsonApiApplicationTests]: class path resource [com/example/demo/JsonApiApplicationTests-context.xml] does not exist
10:33:32.624 [Test worker] DEBUG org.springframework.test.context.support.AbstractContextLoader - Did not detect default resource location for test class [com.example.demo.JsonApiApplicationTests]: class path resource [com/example/demo/JsonApiApplicationTestsContext.groovy] does not exist
10:33:32.625 [Test worker] INFO org.springframework.test.context.support.AbstractContextLoader - Could not detect default resource locations for test class [com.example.demo.JsonApiApplicationTests]: no resource found for suffixes {-context.xml, Context.groovy}.
10:33:32.625 [Test worker] INFO org.springframework.test.context.support.AnnotationConfigContextLoaderUtils - Could not detect default configuration classes for test class [com.example.demo.JsonApiApplicationTests]: JsonApiApplicationTests does not declare any static, non-private, non-final, nested classes annotated with @Configuration.
10:33:32.684 [Test worker] DEBUG org.springframework.test.context.support.ActiveProfilesUtils - Could not find an 'annotation declaring class' for annotation type [org.springframework.test.context.ActiveProfiles] and class [com.example.demo.JsonApiApplicationTests]
10:33:32.756 [Test worker] DEBUG org.springframework.context.annotation.ClassPathScanningCandidateComponentProvider - Identified candidate component class: file [C:\Users\최혜근\git\crawling\JsonAPI\build\classes\java\main\com\example\demo\JsonApiApplication.class]
10:33:32.767 [Test worker] INFO org.springframework.boot.test.context.SpringBootTestContextBootstrapper - Found @SpringBootConfiguration com.example.demo.JsonApiApplication for test class com.example.demo.JsonApiApplicationTests
10:33:32.892 [Test worker] DEBUG org.springframework.boot.test.context.SpringBootTestContextBootstrapper - @TestExecutionListeners is not present for class [com.example.demo.JsonApiApplicationTests]: using defaults.
10:33:32.892 [Test worker] INFO org.springframework.boot.test.context.SpringBootTestContextBootstrapper - Loaded default TestExecutionListener class names from location [META-INF/spring.factories]: [org.springframework.boot.test.autoconfigure.restdocs.RestDocsTestExecutionListener, org.springframework.boot.test.autoconfigure.web.client.MockRestServiceServerResetTestExecutionListener, org.springframework.boot.test.autoconfigure.web.servlet.MockMvcPrintOnlyOnFailureTestExecutionListener, org.springframework.boot.test.autoconfigure.web.servlet.WebDriverTestExecutionListener, org.springframework.boot.test.autoconfigure.webservices.client.MockWebServiceServerTestExecutionListener, org.springframework.boot.test.mock.mockito.MockitoTestExecutionListener, org.springframework.boot.test.mock.mockito.ResetMocksTestExecutionListener, org.springframework.test.context.web.ServletTestExecutionListener, org.springframework.test.context.support.DirtiesContextBeforeModesTestExecutionListener, org.springframework.test.context.event.ApplicationEventsTestExecutionListener, org.springframework.test.context.support.DependencyInjectionTestExecutionListener, org.springframework.test.context.support.DirtiesContextTestExecutionListener, org.springframework.test.context.transaction.TransactionalTestExecutionListener, org.springframework.test.context.jdbc.SqlScriptsTestExecutionListener, org.springframework.test.context.event.EventPublishingTestExecutionListener]
10:33:32.916 [Test worker] INFO org.springframework.boot.test.context.SpringBootTestContextBootstrapper - Using TestExecutionListeners: [org.springframework.test.context.web.ServletTestExecutionListener@1ed52671, org.springframework.test.context.support.DirtiesContextBeforeModesTestExecutionListener@36a974f2, org.springframework.test.context.event.ApplicationEventsTestExecutionListener@66eb32b7, org.springframework.boot.test.mock.mockito.MockitoTestExecutionListener@708e4cd5, org.springframework.boot.test.autoconfigure.SpringBootDependencyInjectionTestExecutionListener@475f0a1b, org.springframework.test.context.support.DirtiesContextTestExecutionListener@3aace8e6, org.springframework.test.context.transaction.TransactionalTestExecutionListener@56d0b8e, org.springframework.test.context.jdbc.SqlScriptsTestExecutionListener@7870712, org.springframework.test.context.event.EventPublishingTestExecutionListener@3837da2b, org.springframework.boot.test.autoconfigure.restdocs.RestDocsTestExecutionListener@6501fe13, org.springframework.boot.test.autoconfigure.web.client.MockRestServiceServerResetTestExecutionListener@85db846, org.springframework.boot.test.autoconfigure.web.servlet.MockMvcPrintOnlyOnFailureTestExecutionListener@37dd91c8, org.springframework.boot.test.autoconfigure.web.servlet.WebDriverTestExecutionListener@313df39a, org.springframework.boot.test.autoconfigure.webservices.client.MockWebServiceServerTestExecutionListener@5ba662c8, org.springframework.boot.test.mock.mockito.ResetMocksTestExecutionListener@3edc7e72]
10:33:32.921 [Test worker] DEBUG org.springframework.test.context.support.AbstractDirtiesContextTestExecutionListener - Before test class: context [DefaultTestContext@5422133f testClass = JsonApiApplicationTests, testInstance = [null], testMethod = [null], testException = [null], mergedContextConfiguration = [WebMergedContextConfiguration@3fbf3c41 testClass = JsonApiApplicationTests, locations = '{}', classes = '{class com.example.demo.JsonApiApplication}', contextInitializerClasses = '[]', activeProfiles = '{}', propertySourceLocations = '{}', propertySourceProperties = '{org.springframework.boot.test.context.SpringBootTestContextBootstrapper=true}', contextCustomizers = set[org.springframework.boot.test.autoconfigure.actuate.metrics.MetricsExportContextCustomizerFactory$DisableMetricExportContextCustomizer@35c8ccbb, org.springframework.boot.test.autoconfigure.properties.PropertyMappingContextCustomizer@0, org.springframework.boot.test.autoconfigure.web.servlet.WebDriverContextCustomizerFactory$Customizer@24fe6493, org.springframework.boot.test.context.filter.ExcludeFilterContextCustomizer@5bc91d1a, org.springframework.boot.test.json.DuplicateJsonObjectContextCustomizerFactory$DuplicateJsonObjectContextCustomizer@273b7f0b, org.springframework.boot.test.mock.mockito.MockitoContextCustomizer@0, org.springframework.boot.test.web.client.TestRestTemplateContextCustomizer@530aa87b, org.springframework.boot.test.context.SpringBootTestArgs@1, org.springframework.boot.test.context.SpringBootTestWebEnvironment@61839dd2], resourceBasePath = 'src/main/webapp', contextLoader = 'org.springframework.boot.test.context.SpringBootContextLoader', parent = [null]], attributes = map['org.springframework.test.context.web.ServletTestExecutionListener.activateListener' -> true]], class annotated with @DirtiesContext [false] with mode [null].
10:33:32.962 [Test worker] DEBUG org.springframework.test.context.support.TestPropertySourceUtils - Adding inlined properties to environment: {spring.jmx.enabled=false, org.springframework.boot.test.context.SpringBootTestContextBootstrapper=true}

  .   ____          _            __ _ _
 /\\ / ___'_ __ _ _(_)_ __  __ _ \ \ \ \
( ( )\___ | '_ | '_| | '_ \/ _` | \ \ \ \
 \\/  ___)| |_)| | | | | || (_| |  ) ) ) )
  '  |____| .__|_| |_|_| |_\__, | / / / /
 =========|_|==============|___/=/_/_/_/
 :: Spring Boot ::                (v2.4.5)

2021-06-01 10:33:33.373  INFO 23060 --- [    Test worker] c.example.demo.JsonApiApplicationTests   : Starting JsonApiApplicationTests using Java 1.8.0_242 on DESKTOP-CT2B6I5 with PID 23060 (started by 최혜근 in C:\Users\최혜근\git\crawling\JsonAPI)
2021-06-01 10:33:33.375  INFO 23060 --- [    Test worker] c.example.demo.JsonApiApplicationTests   : No active profile set, falling back to default profiles: default
2021-06-01 10:33:33.891  INFO 23060 --- [    Test worker] .s.d.r.c.RepositoryConfigurationDelegate : Bootstrapping Spring Data JPA repositories in DEFAULT mode.
2021-06-01 10:33:33.957  INFO 23060 --- [    Test worker] .s.d.r.c.RepositoryConfigurationDelegate : Finished Spring Data repository scanning in 57 ms. Found 2 JPA repository interfaces.
2021-06-01 10:33:34.088  WARN 23060 --- [    Test worker] o.m.s.mapper.ClassPathMapperScanner      : No MyBatis mapper was found in '[com.example.demo]' package. Please check your configuration.
2021-06-01 10:33:34.834  INFO 23060 --- [    Test worker] o.hibernate.jpa.internal.util.LogHelper  : HHH000204: Processing PersistenceUnitInfo [name: default]
2021-06-01 10:33:34.905  INFO 23060 --- [    Test worker] org.hibernate.Version                    : HHH000412: Hibernate ORM core version 5.4.30.Final
2021-06-01 10:33:35.110  INFO 23060 --- [    Test worker] o.hibernate.annotations.common.Version   : HCANN000001: Hibernate Commons Annotations {5.1.2.Final}
2021-06-01 10:33:35.388  INFO 23060 --- [    Test worker] org.hibernate.dialect.Dialect            : HHH000400: Using dialect: org.hibernate.dialect.H2Dialect
2021-06-01 10:33:36.158  INFO 23060 --- [    Test worker] o.h.e.t.j.p.i.JtaPlatformInitiator       : HHH000490: Using JtaPlatform implementation: [org.hibernate.engine.transaction.jta.platform.internal.NoJtaPlatform]
2021-06-01 10:33:36.170  INFO 23060 --- [    Test worker] j.LocalContainerEntityManagerFactoryBean : Initialized JPA EntityManagerFactory for persistence unit 'default'
make JsonController
2021-06-01 10:33:36.923  WARN 23060 --- [    Test worker] JpaBaseConfiguration$JpaWebConfiguration : spring.jpa.open-in-view is enabled by default. Therefore, database queries may be performed during view rendering. Explicitly configure spring.jpa.open-in-view to disable this warning
2021-06-01 10:33:37.237  INFO 23060 --- [    Test worker] o.s.s.concurrent.ThreadPoolTaskExecutor  : Initializing ExecutorService 'applicationTaskExecutor'
2021-06-01 10:33:37.312  INFO 23060 --- [    Test worker] o.s.b.a.h2.H2ConsoleAutoConfiguration    : H2 console available at '/h2-console'. Database available at 'jdbc:h2:~/test'
2021-06-01 10:33:37.934  INFO 23060 --- [    Test worker] c.example.demo.JsonApiApplicationTests   : Started JsonApiApplicationTests in 4.963 seconds (JVM running for 6.362)
]]></system-out>
  <system-err><![CDATA[]]></system-err>
</testsuite>
