<?xml version="1.0" encoding="UTF-8"?>
<testsuite name="com.example.repository.JdbcAccountRepositoryTest" tests="6" skipped="0" failures="0" errors="0" timestamp="2021-06-01T01:33:38" hostname="DESKTOP-CT2B6I5" time="0.276">
  <properties/>
  <testcase name="saveAndFindAll()" classname="com.example.repository.JdbcAccountRepositoryTest" time="0.07"/>
  <testcase name="saveAndFindByEmail()" classname="com.example.repository.JdbcAccountRepositoryTest" time="0.055"/>
  <testcase name="update()" classname="com.example.repository.JdbcAccountRepositoryTest" time="0.036"/>
  <testcase name="count()" classname="com.example.repository.JdbcAccountRepositoryTest" time="0.044"/>
  <testcase name="deleteById()" classname="com.example.repository.JdbcAccountRepositoryTest" time="0.051"/>
  <testcase name="saveAndFindById()" classname="com.example.repository.JdbcAccountRepositoryTest" time="0.018"/>
  <system-out><![CDATA[2021-06-01 10:33:38.066  INFO 23060 --- [    Test worker] o.s.t.c.support.AbstractContextLoader    : Could not detect default resource locations for test class [com.example.repository.JdbcAccountRepositoryTest]: no resource found for suffixes {-context.xml, Context.groovy}.
2021-06-01 10:33:38.066  INFO 23060 --- [    Test worker] .b.t.c.SpringBootTestContextBootstrapper : Loaded default TestExecutionListener class names from location [META-INF/spring.factories]: [org.springframework.boot.test.autoconfigure.restdocs.RestDocsTestExecutionListener, org.springframework.boot.test.autoconfigure.web.client.MockRestServiceServerResetTestExecutionListener, org.springframework.boot.test.autoconfigure.web.servlet.MockMvcPrintOnlyOnFailureTestExecutionListener, org.springframework.boot.test.autoconfigure.web.servlet.WebDriverTestExecutionListener, org.springframework.boot.test.autoconfigure.webservices.client.MockWebServiceServerTestExecutionListener, org.springframework.boot.test.mock.mockito.MockitoTestExecutionListener, org.springframework.boot.test.mock.mockito.ResetMocksTestExecutionListener, org.springframework.test.context.web.ServletTestExecutionListener, org.springframework.test.context.support.DirtiesContextBeforeModesTestExecutionListener, org.springframework.test.context.event.ApplicationEventsTestExecutionListener, org.springframework.test.context.support.DependencyInjectionTestExecutionListener, org.springframework.test.context.support.DirtiesContextTestExecutionListener, org.springframework.test.context.transaction.TransactionalTestExecutionListener, org.springframework.test.context.jdbc.SqlScriptsTestExecutionListener, org.springframework.test.context.event.EventPublishingTestExecutionListener]
2021-06-01 10:33:38.066  INFO 23060 --- [    Test worker] .b.t.c.SpringBootTestContextBootstrapper : Using TestExecutionListeners: [org.springframework.test.context.web.ServletTestExecutionListener@267e143f, org.springframework.test.context.support.DirtiesContextBeforeModesTestExecutionListener@52cc83bb, org.springframework.test.context.event.ApplicationEventsTestExecutionListener@2576156e, org.springframework.boot.test.mock.mockito.MockitoTestExecutionListener@23fa9dbf, org.springframework.boot.test.autoconfigure.SpringBootDependencyInjectionTestExecutionListener@75f3ba13, org.springframework.test.context.support.DirtiesContextTestExecutionListener@43943e4d, org.springframework.test.context.transaction.TransactionalTestExecutionListener@56dc9e34, org.springframework.test.context.jdbc.SqlScriptsTestExecutionListener@21bce635, org.springframework.test.context.event.EventPublishingTestExecutionListener@4977e333, org.springframework.boot.test.autoconfigure.restdocs.RestDocsTestExecutionListener@2b73ca06, org.springframework.boot.test.autoconfigure.web.client.MockRestServiceServerResetTestExecutionListener@19eccc62, org.springframework.boot.test.autoconfigure.web.servlet.MockMvcPrintOnlyOnFailureTestExecutionListener@5fa70c24, org.springframework.boot.test.autoconfigure.web.servlet.WebDriverTestExecutionListener@29bf0298, org.springframework.boot.test.autoconfigure.webservices.client.MockWebServiceServerTestExecutionListener@1ca9ce53, org.springframework.boot.test.mock.mockito.ResetMocksTestExecutionListener@63598e78]
Do setUp
Do setUp
Do setUp
Do setUp
Do setUp
Do setUp
]]></system-out>
  <system-err><![CDATA[]]></system-err>
</testsuite>
