<?xml version="1.0" encoding="UTF-8"?>
<testsuite name="com.example.demo.JsonApiApplicationTests" tests="1" skipped="0" failures="0" errors="0" timestamp="2021-06-02T06:12:50" hostname="DESKTOP-CT2B6I5" time="0.075">
  <properties/>
  <testcase name="contextLoads()" classname="com.example.demo.JsonApiApplicationTests" time="0.075"/>
  <system-out><![CDATA[15:12:45.211 [Test worker] DEBUG org.springframework.test.context.BootstrapUtils - Instantiating CacheAwareContextLoaderDelegate from class [org.springframework.test.context.cache.DefaultCacheAwareContextLoaderDelegate]
15:12:45.227 [Test worker] DEBUG org.springframework.test.context.BootstrapUtils - Instantiating BootstrapContext using constructor [public org.springframework.test.context.support.DefaultBootstrapContext(java.lang.Class,org.springframework.test.context.CacheAwareContextLoaderDelegate)]
15:12:45.264 [Test worker] DEBUG org.springframework.test.context.BootstrapUtils - Instantiating TestContextBootstrapper for test class [com.example.demo.JsonApiApplicationTests] from class [org.springframework.boot.test.context.SpringBootTestContextBootstrapper]
15:12:45.279 [Test worker] INFO org.springframework.boot.test.context.SpringBootTestContextBootstrapper - Neither @ContextConfiguration nor @ContextHierarchy found for test class [com.example.demo.JsonApiApplicationTests], using SpringBootContextLoader
15:12:45.283 [Test worker] DEBUG org.springframework.test.context.support.AbstractContextLoader - Did not detect default resource location for test class [com.example.demo.JsonApiApplicationTests]: class path resource [com/example/demo/JsonApiApplicationTests-context.xml] does not exist
15:12:45.284 [Test worker] DEBUG org.springframework.test.context.support.AbstractContextLoader - Did not detect default resource location for test class [com.example.demo.JsonApiApplicationTests]: class path resource [com/example/demo/JsonApiApplicationTestsContext.groovy] does not exist
15:12:45.284 [Test worker] INFO org.springframework.test.context.support.AbstractContextLoader - Could not detect default resource locations for test class [com.example.demo.JsonApiApplicationTests]: no resource found for suffixes {-context.xml, Context.groovy}.
15:12:45.285 [Test worker] INFO org.springframework.test.context.support.AnnotationConfigContextLoaderUtils - Could not detect default configuration classes for test class [com.example.demo.JsonApiApplicationTests]: JsonApiApplicationTests does not declare any static, non-private, non-final, nested classes annotated with @Configuration.
15:12:45.337 [Test worker] DEBUG org.springframework.test.context.support.ActiveProfilesUtils - Could not find an 'annotation declaring class' for annotation type [org.springframework.test.context.ActiveProfiles] and class [com.example.demo.JsonApiApplicationTests]
15:12:45.414 [Test worker] DEBUG org.springframework.context.annotation.ClassPathScanningCandidateComponentProvider - Identified candidate component class: file [C:\Users\최혜근\git\crawling\JsonAPI\build\classes\java\main\com\example\demo\JsonApiApplication.class]
15:12:45.418 [Test worker] INFO org.springframework.boot.test.context.SpringBootTestContextBootstrapper - Found @SpringBootConfiguration com.example.demo.JsonApiApplication for test class com.example.demo.JsonApiApplicationTests
15:12:45.524 [Test worker] DEBUG org.springframework.boot.test.context.SpringBootTestContextBootstrapper - @TestExecutionListeners is not present for class [com.example.demo.JsonApiApplicationTests]: using defaults.
15:12:45.525 [Test worker] INFO org.springframework.boot.test.context.SpringBootTestContextBootstrapper - Loaded default TestExecutionListener class names from location [META-INF/spring.factories]: [org.springframework.boot.test.autoconfigure.restdocs.RestDocsTestExecutionListener, org.springframework.boot.test.autoconfigure.web.client.MockRestServiceServerResetTestExecutionListener, org.springframework.boot.test.autoconfigure.web.servlet.MockMvcPrintOnlyOnFailureTestExecutionListener, org.springframework.boot.test.autoconfigure.web.servlet.WebDriverTestExecutionListener, org.springframework.boot.test.autoconfigure.webservices.client.MockWebServiceServerTestExecutionListener, org.springframework.boot.test.mock.mockito.MockitoTestExecutionListener, org.springframework.boot.test.mock.mockito.ResetMocksTestExecutionListener, org.springframework.test.context.web.ServletTestExecutionListener, org.springframework.test.context.support.DirtiesContextBeforeModesTestExecutionListener, org.springframework.test.context.event.ApplicationEventsTestExecutionListener, org.springframework.test.context.support.DependencyInjectionTestExecutionListener, org.springframework.test.context.support.DirtiesContextTestExecutionListener, org.springframework.test.context.transaction.TransactionalTestExecutionListener, org.springframework.test.context.jdbc.SqlScriptsTestExecutionListener, org.springframework.test.context.event.EventPublishingTestExecutionListener]
15:12:45.545 [Test worker] INFO org.springframework.boot.test.context.SpringBootTestContextBootstrapper - Using TestExecutionListeners: [org.springframework.test.context.web.ServletTestExecutionListener@1dcbd777, org.springframework.test.context.support.DirtiesContextBeforeModesTestExecutionListener@5de5df1f, org.springframework.test.context.event.ApplicationEventsTestExecutionListener@29eb6b2b, org.springframework.boot.test.mock.mockito.MockitoTestExecutionListener@42210b3a, org.springframework.boot.test.autoconfigure.SpringBootDependencyInjectionTestExecutionListener@1120c66, org.springframework.test.context.support.DirtiesContextTestExecutionListener@727c267c, org.springframework.test.context.transaction.TransactionalTestExecutionListener@bcb92b, org.springframework.test.context.jdbc.SqlScriptsTestExecutionListener@4a0e0add, org.springframework.test.context.event.EventPublishingTestExecutionListener@5b6e4ec6, org.springframework.boot.test.autoconfigure.restdocs.RestDocsTestExecutionListener@4832cc11, org.springframework.boot.test.autoconfigure.web.client.MockRestServiceServerResetTestExecutionListener@2d2251dd, org.springframework.boot.test.autoconfigure.web.servlet.MockMvcPrintOnlyOnFailureTestExecutionListener@1740ee46, org.springframework.boot.test.autoconfigure.web.servlet.WebDriverTestExecutionListener@3e718a16, org.springframework.boot.test.autoconfigure.webservices.client.MockWebServiceServerTestExecutionListener@60fd9b8d, org.springframework.boot.test.mock.mockito.ResetMocksTestExecutionListener@5f6e92f6]
15:12:45.549 [Test worker] DEBUG org.springframework.test.context.support.AbstractDirtiesContextTestExecutionListener - Before test class: context [DefaultTestContext@27fdd664 testClass = JsonApiApplicationTests, testInstance = [null], testMethod = [null], testException = [null], mergedContextConfiguration = [WebMergedContextConfiguration@2d260c21 testClass = JsonApiApplicationTests, locations = '{}', classes = '{class com.example.demo.JsonApiApplication}', contextInitializerClasses = '[]', activeProfiles = '{}', propertySourceLocations = '{}', propertySourceProperties = '{org.springframework.boot.test.context.SpringBootTestContextBootstrapper=true}', contextCustomizers = set[org.springframework.boot.test.autoconfigure.actuate.metrics.MetricsExportContextCustomizerFactory$DisableMetricExportContextCustomizer@eacb61c, org.springframework.boot.test.autoconfigure.properties.PropertyMappingContextCustomizer@0, org.springframework.boot.test.autoconfigure.web.servlet.WebDriverContextCustomizerFactory$Customizer@282e5753, org.springframework.boot.test.context.filter.ExcludeFilterContextCustomizer@209366dd, org.springframework.boot.test.json.DuplicateJsonObjectContextCustomizerFactory$DuplicateJsonObjectContextCustomizer@65172a0b, org.springframework.boot.test.mock.mockito.MockitoContextCustomizer@0, org.springframework.boot.test.web.client.TestRestTemplateContextCustomizer@2d4fb181, org.springframework.boot.test.context.SpringBootTestArgs@1, org.springframework.boot.test.context.SpringBootTestWebEnvironment@75eca81a], resourceBasePath = 'src/main/webapp', contextLoader = 'org.springframework.boot.test.context.SpringBootContextLoader', parent = [null]], attributes = map['org.springframework.test.context.web.ServletTestExecutionListener.activateListener' -> true]], class annotated with @DirtiesContext [false] with mode [null].
15:12:45.585 [Test worker] DEBUG org.springframework.test.context.support.TestPropertySourceUtils - Adding inlined properties to environment: {spring.jmx.enabled=false, org.springframework.boot.test.context.SpringBootTestContextBootstrapper=true}

  .   ____          _            __ _ _
 /\\ / ___'_ __ _ _(_)_ __  __ _ \ \ \ \
( ( )\___ | '_ | '_| | '_ \/ _` | \ \ \ \
 \\/  ___)| |_)| | | | | || (_| |  ) ) ) )
  '  |____| .__|_| |_|_| |_\__, | / / / /
 =========|_|==============|___/=/_/_/_/
 :: Spring Boot ::                (v2.4.5)

2021-06-02 15:12:45.954  INFO 10640 --- [    Test worker] c.example.demo.JsonApiApplicationTests   : Starting JsonApiApplicationTests using Java 1.8.0_242 on DESKTOP-CT2B6I5 with PID 10640 (started by 최혜근 in C:\Users\최혜근\git\crawling\JsonAPI)
2021-06-02 15:12:45.956  INFO 10640 --- [    Test worker] c.example.demo.JsonApiApplicationTests   : No active profile set, falling back to default profiles: default
2021-06-02 15:12:46.500  INFO 10640 --- [    Test worker] .s.d.r.c.RepositoryConfigurationDelegate : Bootstrapping Spring Data JPA repositories in DEFAULT mode.
2021-06-02 15:12:46.563  INFO 10640 --- [    Test worker] .s.d.r.c.RepositoryConfigurationDelegate : Finished Spring Data repository scanning in 55 ms. Found 2 JPA repository interfaces.
2021-06-02 15:12:46.570  INFO 10640 --- [    Test worker] .s.d.r.c.RepositoryConfigurationDelegate : Bootstrapping Spring Data JPA repositories in DEFAULT mode.
2021-06-02 15:12:46.573  INFO 10640 --- [    Test worker] .s.d.r.c.RepositoryConfigurationDelegate : Finished Spring Data repository scanning in 2 ms. Found 0 JPA repository interfaces.
2021-06-02 15:12:46.706  WARN 10640 --- [    Test worker] o.m.s.mapper.ClassPathMapperScanner      : No MyBatis mapper was found in '[com.example.demo]' package. Please check your configuration.
2021-06-02 15:12:47.431  INFO 10640 --- [    Test worker] o.hibernate.jpa.internal.util.LogHelper  : HHH000204: Processing PersistenceUnitInfo [name: default]
2021-06-02 15:12:47.492  INFO 10640 --- [    Test worker] org.hibernate.Version                    : HHH000412: Hibernate ORM core version 5.4.30.Final
2021-06-02 15:12:47.659  INFO 10640 --- [    Test worker] o.hibernate.annotations.common.Version   : HCANN000001: Hibernate Commons Annotations {5.1.2.Final}
2021-06-02 15:12:48.070  INFO 10640 --- [    Test worker] org.hibernate.dialect.Dialect            : HHH000400: Using dialect: org.hibernate.dialect.H2Dialect
2021-06-02 15:12:48.841  INFO 10640 --- [    Test worker] o.h.e.t.j.p.i.JtaPlatformInitiator       : HHH000490: Using JtaPlatform implementation: [org.hibernate.engine.transaction.jta.platform.internal.NoJtaPlatform]
2021-06-02 15:12:48.852  INFO 10640 --- [    Test worker] j.LocalContainerEntityManagerFactoryBean : Initialized JPA EntityManagerFactory for persistence unit 'default'
make JsonController
2021-06-02 15:12:49.765  WARN 10640 --- [    Test worker] JpaBaseConfiguration$JpaWebConfiguration : spring.jpa.open-in-view is enabled by default. Therefore, database queries may be performed during view rendering. Explicitly configure spring.jpa.open-in-view to disable this warning
2021-06-02 15:12:50.011  INFO 10640 --- [    Test worker] o.s.s.concurrent.ThreadPoolTaskExecutor  : Initializing ExecutorService 'applicationTaskExecutor'
2021-06-02 15:12:50.174  INFO 10640 --- [    Test worker] o.s.b.a.h2.H2ConsoleAutoConfiguration    : H2 console available at '/h2-console'. Database available at 'jdbc:h2:~/test'
2021-06-02 15:12:50.646  INFO 10640 --- [    Test worker] c.example.demo.JsonApiApplicationTests   : Started JsonApiApplicationTests in 5.055 seconds (JVM running for 6.422)
]]></system-out>
  <system-err><![CDATA[]]></system-err>
</testsuite>
