<?xml version="1.0" encoding="UTF-8"?>
<testsuite name="com.example.repository.JdbcAccountRepositoryTest" tests="6" skipped="0" failures="0" errors="0" timestamp="2021-06-02T06:12:50" hostname="DESKTOP-CT2B6I5" time="2.159">
  <properties/>
  <testcase name="saveAndFindAll()" classname="com.example.repository.JdbcAccountRepositoryTest" time="0.356"/>
  <testcase name="saveAndFindByEmail()" classname="com.example.repository.JdbcAccountRepositoryTest" time="0.197"/>
  <testcase name="update()" classname="com.example.repository.JdbcAccountRepositoryTest" time="0.356"/>
  <testcase name="count()" classname="com.example.repository.JdbcAccountRepositoryTest" time="0.414"/>
  <testcase name="deleteById()" classname="com.example.repository.JdbcAccountRepositoryTest" time="0.612"/>
  <testcase name="saveAndFindById()" classname="com.example.repository.JdbcAccountRepositoryTest" time="0.219"/>
  <system-out><![CDATA[2021-06-02 15:12:50.757  INFO 10640 --- [    Test worker] o.s.t.c.support.AbstractContextLoader    : Could not detect default resource locations for test class [com.example.repository.JdbcAccountRepositoryTest]: no resource found for suffixes {-context.xml, Context.groovy}.
2021-06-02 15:12:50.761  INFO 10640 --- [    Test worker] .b.t.c.SpringBootTestContextBootstrapper : Loaded default TestExecutionListener class names from location [META-INF/spring.factories]: [org.springframework.boot.test.autoconfigure.restdocs.RestDocsTestExecutionListener, org.springframework.boot.test.autoconfigure.web.client.MockRestServiceServerResetTestExecutionListener, org.springframework.boot.test.autoconfigure.web.servlet.MockMvcPrintOnlyOnFailureTestExecutionListener, org.springframework.boot.test.autoconfigure.web.servlet.WebDriverTestExecutionListener, org.springframework.boot.test.autoconfigure.webservices.client.MockWebServiceServerTestExecutionListener, org.springframework.boot.test.mock.mockito.MockitoTestExecutionListener, org.springframework.boot.test.mock.mockito.ResetMocksTestExecutionListener, org.springframework.test.context.web.ServletTestExecutionListener, org.springframework.test.context.support.DirtiesContextBeforeModesTestExecutionListener, org.springframework.test.context.event.ApplicationEventsTestExecutionListener, org.springframework.test.context.support.DependencyInjectionTestExecutionListener, org.springframework.test.context.support.DirtiesContextTestExecutionListener, org.springframework.test.context.transaction.TransactionalTestExecutionListener, org.springframework.test.context.jdbc.SqlScriptsTestExecutionListener, org.springframework.test.context.event.EventPublishingTestExecutionListener]
2021-06-02 15:12:50.761  INFO 10640 --- [    Test worker] .b.t.c.SpringBootTestContextBootstrapper : Using TestExecutionListeners: [org.springframework.test.context.web.ServletTestExecutionListener@26c13989, org.springframework.test.context.support.DirtiesContextBeforeModesTestExecutionListener@7e3a5f66, org.springframework.test.context.event.ApplicationEventsTestExecutionListener@20e76ff3, org.springframework.boot.test.mock.mockito.MockitoTestExecutionListener@12af97dc, org.springframework.boot.test.autoconfigure.SpringBootDependencyInjectionTestExecutionListener@3d8df971, org.springframework.test.context.support.DirtiesContextTestExecutionListener@116040c9, org.springframework.test.context.transaction.TransactionalTestExecutionListener@a633de1, org.springframework.test.context.jdbc.SqlScriptsTestExecutionListener@649c5a06, org.springframework.test.context.event.EventPublishingTestExecutionListener@36087195, org.springframework.boot.test.autoconfigure.restdocs.RestDocsTestExecutionListener@25fd1995, org.springframework.boot.test.autoconfigure.web.client.MockRestServiceServerResetTestExecutionListener@3662b4fe, org.springframework.boot.test.autoconfigure.web.servlet.MockMvcPrintOnlyOnFailureTestExecutionListener@3028845e, org.springframework.boot.test.autoconfigure.web.servlet.WebDriverTestExecutionListener@45d9cf17, org.springframework.boot.test.autoconfigure.webservices.client.MockWebServiceServerTestExecutionListener@8a55788, org.springframework.boot.test.mock.mockito.ResetMocksTestExecutionListener@2bc3c726]
Do setUp
Do setUp
Do setUp
Do setUp
Do setUp
Do setUp
]]></system-out>
  <system-err><![CDATA[]]></system-err>
</testsuite>
